<?xml version="1.0" encoding="UTF-8"?>
<!-- Generated by org.testng.reporters.JUnitXMLReporter -->
<testsuite ignored="0" hostname="RAJA" failures="0" tests="6" name="Test" time="1.106" errors="0" timestamp="2022-04-28T11:34:31 CDT">
  <testcase classname="com.ibank.Testcases.BaseClass" name="@BeforeClass setup" time="-1.651163670773E9">
    <failure type="org.testng.TestNGException" message="
Parameter &amp;apos;browser&amp;apos; is required by BeforeClass on method setup but has not been marked @Optional or defined
in C:\Users\Raja Family\eclipse-workspace\Ibank\testng1.xml">
      <![CDATA[org.testng.TestNGException: 
Parameter 'browser' is required by BeforeClass on method setup but has not been marked @Optional or defined
in C:\Users\Raja Family\eclipse-workspace\Ibank\testng1.xml
at java.base/java.util.ArrayList.forEach(ArrayList.java:1511)
... Removed 22 stack frames]]>
    </failure>
  </testcase> <!-- @BeforeClass setup -->
  <testcase classname="com.ibank.Testcases.BaseClass" name="@AfterClass browserclose" time="-1.651163670822E9">
    <skipped/>
  </testcase> <!-- @AfterClass browserclose -->
  <testcase classname="com.ibank.Testcases.BaseClass" name="@BeforeClass setup" time="-1.651163670826E9">
    <failure type="org.testng.TestNGException" message="
Parameter &amp;apos;browser&amp;apos; is required by BeforeClass on method setup but has not been marked @Optional or defined
in C:\Users\Raja Family\eclipse-workspace\Ibank\testng1.xml">
      <![CDATA[org.testng.TestNGException: 
Parameter 'browser' is required by BeforeClass on method setup but has not been marked @Optional or defined
in C:\Users\Raja Family\eclipse-workspace\Ibank\testng1.xml
at java.base/java.util.ArrayList.forEach(ArrayList.java:1511)
... Removed 22 stack frames]]>
    </failure>
  </testcase> <!-- @BeforeClass setup -->
  <testcase classname="com.ibank.Testcases.BaseClass" name="@AfterClass browserclose" time="-1.651163670836E9">
    <skipped/>
  </testcase> <!-- @AfterClass browserclose -->
  <testcase classname="com.ibank.Testcases.BaseClass" name="@BeforeClass setup" time="-1.651163670838E9">
    <failure type="org.testng.TestNGException" message="
Parameter &amp;apos;browser&amp;apos; is required by BeforeClass on method setup but has not been marked @Optional or defined
in C:\Users\Raja Family\eclipse-workspace\Ibank\testng1.xml">
      <![CDATA[org.testng.TestNGException: 
Parameter 'browser' is required by BeforeClass on method setup but has not been marked @Optional or defined
in C:\Users\Raja Family\eclipse-workspace\Ibank\testng1.xml
at java.base/java.util.ArrayList.forEach(ArrayList.java:1511)
... Removed 22 stack frames]]>
    </failure>
  </testcase> <!-- @BeforeClass setup -->
  <testcase classname="com.ibank.Testcases.BaseClass" name="@AfterClass browserclose" time="-1.651163671851E9">
    <skipped/>
  </testcase> <!-- @AfterClass browserclose -->
  <testcase classname="com.ibank.Testcases.TC_LoginTest_001" name="Logintest" time="0.0">
    <skipped/>
  </testcase> <!-- Logintest -->
  <testcase classname="com.ibank.Testcases.TC_AddCustomerTest_003" name="addcustomer" time="0.0">
    <skipped/>
  </testcase> <!-- addcustomer -->
  <testcase classname="com.ibank.Testcases.TC_LoginDDT_002" name="loginDDT" time="0.0">
    <skipped/>
  </testcase> <!-- loginDDT -->
  <testcase classname="com.ibank.Testcases.TC_LoginDDT_002" name="loginDDT" time="0.0">
    <skipped/>
  </testcase> <!-- loginDDT -->
  <testcase classname="com.ibank.Testcases.TC_LoginDDT_002" name="loginDDT" time="0.0">
    <skipped/>
  </testcase> <!-- loginDDT -->
  <testcase classname="com.ibank.Testcases.TC_LoginDDT_002" name="loginDDT" time="0.0">
    <skipped/>
  </testcase> <!-- loginDDT -->
</testsuite> <!-- Test -->
